<?xml version="1.0" encoding="UTF-8"?>
<testsuite xmlns:xsi="http://www.w3.org/2001/XMLSchema-instance" xsi:noNamespaceSchemaLocation="https://maven.apache.org/surefire/maven-surefire-plugin/xsd/surefire-test-report.xsd" name="com.xs.AppTest" time="0.114" tests="1" errors="0" skipped="0" failures="0">
  <properties>
    <property name="sun.desktop" value="windows"/>
    <property name="awt.toolkit" value="sun.awt.windows.WToolkit"/>
    <property name="file.encoding.pkg" value="sun.io"/>
    <property name="java.specification.version" value="1.8"/>
    <property name="sun.cpu.isalist" value="amd64"/>
    <property name="sun.jnu.encoding" value="GBK"/>
    <property name="java.class.path" value="I:\IDEA\workSpace\hmHealth\health_parent\health_interface\target\test-classes;I:\IDEA\workSpace\hmHealth\health_parent\health_interface\target\classes;I:\IDEA\workSpace\hmHealth\health_parent\health_common\target\health_common-1.0-SNAPSHOT.jar;I:\mavenpeizhi\repository\com\github\pagehelper\pagehelper\4.1.4\pagehelper-4.1.4.jar;I:\mavenpeizhi\repository\com\github\jsqlparser\jsqlparser\0.9.5\jsqlparser-0.9.5.jar;I:\mavenpeizhi\repository\org\mybatis\mybatis\3.4.5\mybatis-3.4.5.jar;I:\mavenpeizhi\repository\org\mybatis\mybatis-spring\1.3.1\mybatis-spring-1.3.1.jar;I:\mavenpeizhi\repository\com\github\miemiedev\mybatis-paginator\1.2.15\mybatis-paginator-1.2.15.jar;I:\mavenpeizhi\repository\org\slf4j\slf4j-api\1.7.2\slf4j-api-1.7.2.jar;I:\mavenpeizhi\repository\mysql\mysql-connector-java\5.1.32\mysql-connector-java-5.1.32.jar;I:\mavenpeizhi\repository\com\alibaba\druid\1.0.9\druid-1.0.9.jar;I:\jdk\1.8\jre\..\lib\jconsole.jar;I:\jdk\1.8\jre\..\lib\tools.jar;I:\mavenpeizhi\repository\commons-fileupload\commons-fileupload\1.3.1\commons-fileupload-1.3.1.jar;I:\mavenpeizhi\repository\commons-io\commons-io\2.2\commons-io-2.2.jar;I:\mavenpeizhi\repository\org\springframework\spring-context\5.0.5.RELEASE\spring-context-5.0.5.RELEASE.jar;I:\mavenpeizhi\repository\org\springframework\spring-aop\5.0.5.RELEASE\spring-aop-5.0.5.RELEASE.jar;I:\mavenpeizhi\repository\org\springframework\spring-core\5.0.5.RELEASE\spring-core-5.0.5.RELEASE.jar;I:\mavenpeizhi\repository\org\springframework\spring-jcl\5.0.5.RELEASE\spring-jcl-5.0.5.RELEASE.jar;I:\mavenpeizhi\repository\org\springframework\spring-expression\5.0.5.RELEASE\spring-expression-5.0.5.RELEASE.jar;I:\mavenpeizhi\repository\org\springframework\spring-beans\5.0.5.RELEASE\spring-beans-5.0.5.RELEASE.jar;I:\mavenpeizhi\repository\org\springframework\spring-web\5.0.5.RELEASE\spring-web-5.0.5.RELEASE.jar;I:\mavenpeizhi\repository\org\springframework\spring-webmvc\5.0.5.RELEASE\spring-webmvc-5.0.5.RELEASE.jar;I:\mavenpeizhi\repository\org\springframework\spring-jdbc\5.0.5.RELEASE\spring-jdbc-5.0.5.RELEASE.jar;I:\mavenpeizhi\repository\org\springframework\spring-tx\5.0.5.RELEASE\spring-tx-5.0.5.RELEASE.jar;I:\mavenpeizhi\repository\org\springframework\spring-aspects\5.0.5.RELEASE\spring-aspects-5.0.5.RELEASE.jar;I:\mavenpeizhi\repository\org\aspectj\aspectjweaver\1.8.13\aspectjweaver-1.8.13.jar;I:\mavenpeizhi\repository\org\springframework\spring-jms\5.0.5.RELEASE\spring-jms-5.0.5.RELEASE.jar;I:\mavenpeizhi\repository\org\springframework\spring-messaging\5.0.5.RELEASE\spring-messaging-5.0.5.RELEASE.jar;I:\mavenpeizhi\repository\org\springframework\spring-context-support\5.0.5.RELEASE\spring-context-support-5.0.5.RELEASE.jar;I:\mavenpeizhi\repository\org\springframework\spring-test\5.0.5.RELEASE\spring-test-5.0.5.RELEASE.jar;I:\mavenpeizhi\repository\com\alibaba\dubbo\2.6.0\dubbo-2.6.0.jar;I:\mavenpeizhi\repository\org\javassist\javassist\3.20.0-GA\javassist-3.20.0-GA.jar;I:\mavenpeizhi\repository\org\jboss\netty\netty\3.2.5.Final\netty-3.2.5.Final.jar;I:\mavenpeizhi\repository\org\apache\zookeeper\zookeeper\3.4.7\zookeeper-3.4.7.jar;I:\mavenpeizhi\repository\org\slf4j\slf4j-log4j12\1.6.1\slf4j-log4j12-1.6.1.jar;I:\mavenpeizhi\repository\log4j\log4j\1.2.16\log4j-1.2.16.jar;I:\mavenpeizhi\repository\jline\jline\0.9.94\jline-0.9.94.jar;I:\mavenpeizhi\repository\io\netty\netty\3.7.0.Final\netty-3.7.0.Final.jar;I:\mavenpeizhi\repository\com\github\sgroschupf\zkclient\0.1\zkclient-0.1.jar;I:\mavenpeizhi\repository\junit\junit\4.12\junit-4.12.jar;I:\mavenpeizhi\repository\org\hamcrest\hamcrest-core\1.3\hamcrest-core-1.3.jar;I:\mavenpeizhi\repository\com\alibaba\fastjson\1.2.47\fastjson-1.2.47.jar;I:\mavenpeizhi\repository\javassist\javassist\3.12.1.GA\javassist-3.12.1.GA.jar;I:\mavenpeizhi\repository\commons-codec\commons-codec\1.10\commons-codec-1.10.jar;I:\mavenpeizhi\repository\org\apache\poi\poi\3.14\poi-3.14.jar;I:\mavenpeizhi\repository\redis\clients\jedis\2.9.0\jedis-2.9.0.jar;I:\mavenpeizhi\repository\org\apache\commons\commons-pool2\2.4.2\commons-pool2-2.4.2.jar;I:\mavenpeizhi\repository\com\qiniu\qiniu-java-sdk\7.2.0\qiniu-java-sdk-7.2.0.jar;I:\mavenpeizhi\repository\com\squareup\okhttp3\okhttp\3.3.1\okhttp-3.3.1.jar;I:\mavenpeizhi\repository\com\squareup\okio\okio\1.8.0\okio-1.8.0.jar;I:\mavenpeizhi\repository\com\google\code\gson\gson\2.6.2\gson-2.6.2.jar;I:\mavenpeizhi\repository\com\qiniu\happy-dns-java\0.1.4\happy-dns-java-0.1.4.jar;I:\mavenpeizhi\repository\com\sun\jersey\jersey-client\1.18.1\jersey-client-1.18.1.jar;I:\mavenpeizhi\repository\com\sun\jersey\jersey-core\1.18.1\jersey-core-1.18.1.jar;I:\mavenpeizhi\repository\org\apache\poi\poi-ooxml\3.14\poi-ooxml-3.14.jar;I:\mavenpeizhi\repository\org\apache\poi\poi-ooxml-schemas\3.14\poi-ooxml-schemas-3.14.jar;I:\mavenpeizhi\repository\org\apache\xmlbeans\xmlbeans\2.6.0\xmlbeans-2.6.0.jar;I:\mavenpeizhi\repository\stax\stax-api\1.0.1\stax-api-1.0.1.jar;I:\mavenpeizhi\repository\com\github\virtuald\curvesapi\1.03\curvesapi-1.03.jar;I:\mavenpeizhi\repository\org\springframework\security\spring-security-web\5.0.5.RELEASE\spring-security-web-5.0.5.RELEASE.jar;I:\mavenpeizhi\repository\org\springframework\security\spring-security-core\5.0.5.RELEASE\spring-security-core-5.0.5.RELEASE.jar;I:\mavenpeizhi\repository\org\springframework\security\spring-security-config\5.0.5.RELEASE\spring-security-config-5.0.5.RELEASE.jar;I:\mavenpeizhi\repository\org\springframework\security\spring-security-taglibs\5.0.5.RELEASE\spring-security-taglibs-5.0.5.RELEASE.jar;I:\mavenpeizhi\repository\org\springframework\security\spring-security-acl\5.0.5.RELEASE\spring-security-acl-5.0.5.RELEASE.jar;I:\mavenpeizhi\repository\javax\servlet\servlet-api\2.5\servlet-api-2.5.jar;"/>
    <property name="java.vm.vendor" value="Oracle Corporation"/>
    <property name="sun.arch.data.model" value="64"/>
    <property name="user.variant" value=""/>
    <property name="java.vendor.url" value="http://java.oracle.com/"/>
    <property name="user.timezone" value="Asia/Shanghai"/>
    <property name="java.vm.specification.version" value="1.8"/>
    <property name="os.name" value="Windows 10"/>
    <property name="user.country" value="CN"/>
    <property name="sun.java.launcher" value="SUN_STANDARD"/>
    <property name="sun.boot.library.path" value="I:\jdk\1.8\jre\bin"/>
    <property name="sun.java.command" value="C:\Users\xie\AppData\Local\Temp\surefire9083714010523310580\surefirebooter6017627725141208652.jar C:\Users\xie\AppData\Local\Temp\surefire9083714010523310580 2020-01-02T10-03-28_847-jvmRun1 surefire3060963301873485326tmp surefire_14113208065365142989tmp"/>
    <property name="surefire.test.class.path" value="I:\IDEA\workSpace\hmHealth\health_parent\health_interface\target\test-classes;I:\IDEA\workSpace\hmHealth\health_parent\health_interface\target\classes;I:\IDEA\workSpace\hmHealth\health_parent\health_common\target\health_common-1.0-SNAPSHOT.jar;I:\mavenpeizhi\repository\com\github\pagehelper\pagehelper\4.1.4\pagehelper-4.1.4.jar;I:\mavenpeizhi\repository\com\github\jsqlparser\jsqlparser\0.9.5\jsqlparser-0.9.5.jar;I:\mavenpeizhi\repository\org\mybatis\mybatis\3.4.5\mybatis-3.4.5.jar;I:\mavenpeizhi\repository\org\mybatis\mybatis-spring\1.3.1\mybatis-spring-1.3.1.jar;I:\mavenpeizhi\repository\com\github\miemiedev\mybatis-paginator\1.2.15\mybatis-paginator-1.2.15.jar;I:\mavenpeizhi\repository\org\slf4j\slf4j-api\1.7.2\slf4j-api-1.7.2.jar;I:\mavenpeizhi\repository\mysql\mysql-connector-java\5.1.32\mysql-connector-java-5.1.32.jar;I:\mavenpeizhi\repository\com\alibaba\druid\1.0.9\druid-1.0.9.jar;I:\jdk\1.8\jre\..\lib\jconsole.jar;I:\jdk\1.8\jre\..\lib\tools.jar;I:\mavenpeizhi\repository\commons-fileupload\commons-fileupload\1.3.1\commons-fileupload-1.3.1.jar;I:\mavenpeizhi\repository\commons-io\commons-io\2.2\commons-io-2.2.jar;I:\mavenpeizhi\repository\org\springframework\spring-context\5.0.5.RELEASE\spring-context-5.0.5.RELEASE.jar;I:\mavenpeizhi\repository\org\springframework\spring-aop\5.0.5.RELEASE\spring-aop-5.0.5.RELEASE.jar;I:\mavenpeizhi\repository\org\springframework\spring-core\5.0.5.RELEASE\spring-core-5.0.5.RELEASE.jar;I:\mavenpeizhi\repository\org\springframework\spring-jcl\5.0.5.RELEASE\spring-jcl-5.0.5.RELEASE.jar;I:\mavenpeizhi\repository\org\springframework\spring-expression\5.0.5.RELEASE\spring-expression-5.0.5.RELEASE.jar;I:\mavenpeizhi\repository\org\springframework\spring-beans\5.0.5.RELEASE\spring-beans-5.0.5.RELEASE.jar;I:\mavenpeizhi\repository\org\springframework\spring-web\5.0.5.RELEASE\spring-web-5.0.5.RELEASE.jar;I:\mavenpeizhi\repository\org\springframework\spring-webmvc\5.0.5.RELEASE\spring-webmvc-5.0.5.RELEASE.jar;I:\mavenpeizhi\repository\org\springframework\spring-jdbc\5.0.5.RELEASE\spring-jdbc-5.0.5.RELEASE.jar;I:\mavenpeizhi\repository\org\springframework\spring-tx\5.0.5.RELEASE\spring-tx-5.0.5.RELEASE.jar;I:\mavenpeizhi\repository\org\springframework\spring-aspects\5.0.5.RELEASE\spring-aspects-5.0.5.RELEASE.jar;I:\mavenpeizhi\repository\org\aspectj\aspectjweaver\1.8.13\aspectjweaver-1.8.13.jar;I:\mavenpeizhi\repository\org\springframework\spring-jms\5.0.5.RELEASE\spring-jms-5.0.5.RELEASE.jar;I:\mavenpeizhi\repository\org\springframework\spring-messaging\5.0.5.RELEASE\spring-messaging-5.0.5.RELEASE.jar;I:\mavenpeizhi\repository\org\springframework\spring-context-support\5.0.5.RELEASE\spring-context-support-5.0.5.RELEASE.jar;I:\mavenpeizhi\repository\org\springframework\spring-test\5.0.5.RELEASE\spring-test-5.0.5.RELEASE.jar;I:\mavenpeizhi\repository\com\alibaba\dubbo\2.6.0\dubbo-2.6.0.jar;I:\mavenpeizhi\repository\org\javassist\javassist\3.20.0-GA\javassist-3.20.0-GA.jar;I:\mavenpeizhi\repository\org\jboss\netty\netty\3.2.5.Final\netty-3.2.5.Final.jar;I:\mavenpeizhi\repository\org\apache\zookeeper\zookeeper\3.4.7\zookeeper-3.4.7.jar;I:\mavenpeizhi\repository\org\slf4j\slf4j-log4j12\1.6.1\slf4j-log4j12-1.6.1.jar;I:\mavenpeizhi\repository\log4j\log4j\1.2.16\log4j-1.2.16.jar;I:\mavenpeizhi\repository\jline\jline\0.9.94\jline-0.9.94.jar;I:\mavenpeizhi\repository\io\netty\netty\3.7.0.Final\netty-3.7.0.Final.jar;I:\mavenpeizhi\repository\com\github\sgroschupf\zkclient\0.1\zkclient-0.1.jar;I:\mavenpeizhi\repository\junit\junit\4.12\junit-4.12.jar;I:\mavenpeizhi\repository\org\hamcrest\hamcrest-core\1.3\hamcrest-core-1.3.jar;I:\mavenpeizhi\repository\com\alibaba\fastjson\1.2.47\fastjson-1.2.47.jar;I:\mavenpeizhi\repository\javassist\javassist\3.12.1.GA\javassist-3.12.1.GA.jar;I:\mavenpeizhi\repository\commons-codec\commons-codec\1.10\commons-codec-1.10.jar;I:\mavenpeizhi\repository\org\apache\poi\poi\3.14\poi-3.14.jar;I:\mavenpeizhi\repository\redis\clients\jedis\2.9.0\jedis-2.9.0.jar;I:\mavenpeizhi\repository\org\apache\commons\commons-pool2\2.4.2\commons-pool2-2.4.2.jar;I:\mavenpeizhi\repository\com\qiniu\qiniu-java-sdk\7.2.0\qiniu-java-sdk-7.2.0.jar;I:\mavenpeizhi\repository\com\squareup\okhttp3\okhttp\3.3.1\okhttp-3.3.1.jar;I:\mavenpeizhi\repository\com\squareup\okio\okio\1.8.0\okio-1.8.0.jar;I:\mavenpeizhi\repository\com\google\code\gson\gson\2.6.2\gson-2.6.2.jar;I:\mavenpeizhi\repository\com\qiniu\happy-dns-java\0.1.4\happy-dns-java-0.1.4.jar;I:\mavenpeizhi\repository\com\sun\jersey\jersey-client\1.18.1\jersey-client-1.18.1.jar;I:\mavenpeizhi\repository\com\sun\jersey\jersey-core\1.18.1\jersey-core-1.18.1.jar;I:\mavenpeizhi\repository\org\apache\poi\poi-ooxml\3.14\poi-ooxml-3.14.jar;I:\mavenpeizhi\repository\org\apache\poi\poi-ooxml-schemas\3.14\poi-ooxml-schemas-3.14.jar;I:\mavenpeizhi\repository\org\apache\xmlbeans\xmlbeans\2.6.0\xmlbeans-2.6.0.jar;I:\mavenpeizhi\repository\stax\stax-api\1.0.1\stax-api-1.0.1.jar;I:\mavenpeizhi\repository\com\github\virtuald\curvesapi\1.03\curvesapi-1.03.jar;I:\mavenpeizhi\repository\org\springframework\security\spring-security-web\5.0.5.RELEASE\spring-security-web-5.0.5.RELEASE.jar;I:\mavenpeizhi\repository\org\springframework\security\spring-security-core\5.0.5.RELEASE\spring-security-core-5.0.5.RELEASE.jar;I:\mavenpeizhi\repository\org\springframework\security\spring-security-config\5.0.5.RELEASE\spring-security-config-5.0.5.RELEASE.jar;I:\mavenpeizhi\repository\org\springframework\security\spring-security-taglibs\5.0.5.RELEASE\spring-security-taglibs-5.0.5.RELEASE.jar;I:\mavenpeizhi\repository\org\springframework\security\spring-security-acl\5.0.5.RELEASE\spring-security-acl-5.0.5.RELEASE.jar;I:\mavenpeizhi\repository\javax\servlet\servlet-api\2.5\servlet-api-2.5.jar;"/>
    <property name="sun.cpu.endian" value="little"/>
    <property name="user.home" value="C:\Users\xie"/>
    <property name="user.language" value="zh"/>
    <property name="java.specification.vendor" value="Oracle Corporation"/>
    <property name="java.home" value="I:\jdk\1.8\jre"/>
    <property name="basedir" value="I:\IDEA\workSpace\hmHealth\health_parent\health_interface"/>
    <property name="file.separator" value="\"/>
    <property name="line.separator" value="&#10;"/>
    <property name="java.vm.specification.vendor" value="Oracle Corporation"/>
    <property name="java.specification.name" value="Java Platform API Specification"/>
    <property name="java.awt.graphicsenv" value="sun.awt.Win32GraphicsEnvironment"/>
    <property name="surefire.real.class.path" value="C:\Users\xie\AppData\Local\Temp\surefire9083714010523310580\surefirebooter6017627725141208652.jar"/>
    <property name="sun.boot.class.path" value="I:\jdk\1.8\jre\lib\resources.jar;I:\jdk\1.8\jre\lib\rt.jar;I:\jdk\1.8\jre\lib\sunrsasign.jar;I:\jdk\1.8\jre\lib\jsse.jar;I:\jdk\1.8\jre\lib\jce.jar;I:\jdk\1.8\jre\lib\charsets.jar;I:\jdk\1.8\jre\lib\jfr.jar;I:\jdk\1.8\jre\classes"/>
    <property name="user.script" value=""/>
    <property name="sun.management.compiler" value="HotSpot 64-Bit Tiered Compilers"/>
    <property name="java.runtime.version" value="1.8.0_181-b13"/>
    <property name="user.name" value="xie"/>
    <property name="path.separator" value=";"/>
    <property name="os.version" value="10.0"/>
    <property name="java.endorsed.dirs" value="I:\jdk\1.8\jre\lib\endorsed"/>
    <property name="java.runtime.name" value="Java(TM) SE Runtime Environment"/>
    <property name="file.encoding" value="GBK"/>
    <property name="java.vm.name" value="Java HotSpot(TM) 64-Bit Server VM"/>
    <property name="localRepository" value="I:\mavenpeizhi\repository"/>
    <property name="java.vendor.url.bug" value="http://bugreport.sun.com/bugreport/"/>
    <property name="java.io.tmpdir" value="C:\Users\xie\AppData\Local\Temp\"/>
    <property name="java.version" value="1.8.0_181"/>
    <property name="user.dir" value="I:\IDEA\workSpace\hmHealth\health_parent\health_interface"/>
    <property name="os.arch" value="amd64"/>
    <property name="java.vm.specification.name" value="Java Virtual Machine Specification"/>
    <property name="java.awt.printerjob" value="sun.awt.windows.WPrinterJob"/>
    <property name="sun.os.patch.level" value=""/>
    <property name="idea.version2019.1" value="true"/>
    <property name="java.library.path" value="I:\jdk\1.8\jre\bin;C:\Windows\Sun\Java\bin;C:\Windows\system32;C:\Windows;I:\mavenpeizhi\apache-maven-3.5.2\bin;I:\jdk\1.8\bin;I:\jdk\1.8\jre\bin;C:\Program Files (x86)\Common Files\Oracle\Java\javapath;C:\Program Files (x86)\Intel\Intel(R) Management Engine Components\iCLS\;C:\Program Files\Intel\Intel(R) Management Engine Components\iCLS\;C:\Windows\system32;C:\Windows;C:\Windows\System32\Wbem;C:\Windows\System32\WindowsPowerShell\v1.0\;C:\Windows\System32\OpenSSH\;C:\Program Files (x86)\Intel\Intel(R) Management Engine Components\DAL;C:\Program Files\Intel\Intel(R) Management Engine Components\DAL;C:\Program Files\Intel\WiFi\bin\;C:\Program Files\Common Files\Intel\WirelessCommon\;C:\Program Files (x86)\NVIDIA Corporation\PhysX\Common;C:\Program Files\nodejs\;C:\Program Files\Git\cmd;C:\Program Files\TortoiseGit\bin;C:\Users\xie\AppData\Local\Microsoft\WindowsApps;C:\Users\xie\AppData\Roaming\npm;."/>
    <property name="java.vm.info" value="mixed mode"/>
    <property name="java.vendor" value="Oracle Corporation"/>
    <property name="java.vm.version" value="25.181-b13"/>
    <property name="java.ext.dirs" value="I:\jdk\1.8\jre\lib\ext;C:\Windows\Sun\Java\lib\ext"/>
    <property name="sun.io.unicode.encoding" value="UnicodeLittle"/>
    <property name="java.class.version" value="52.0"/>
  </properties>
  <testcase name="shouldAnswerWithTrue" classname="com.xs.AppTest" time="0.002"/>
</testsuite>